  [4;36;1mSQL (0.2ms)[0m   [0;1mSET SQL_AUTO_IS_NULL=0[0m
  [4;35;1mSQL (0.4ms)[0m   [0mSHOW TABLES[0m
  [4;36;1mSQL (318.6ms)[0m   [0;1mCREATE TABLE `schema_migrations` (`version` varchar(255) NOT NULL) ENGINE=InnoDB[0m
  [4;35;1mSQL (58.8ms)[0m   [0mCREATE UNIQUE INDEX `unique_schema_migrations` ON `schema_migrations` (`version`)[0m
  [4;36;1mSQL (0.4ms)[0m   [0;1mSHOW TABLES[0m
  [4;35;1mSQL (0.3ms)[0m   [0mSHOW TABLES[0m
  [4;36;1mSQL (0.3ms)[0m   [0;1mSELECT version FROM schema_migrations[0m
  [4;35;1mSQL (0.2ms)[0m   [0mSHOW TABLES[0m
  [4;36;1mSQL (0.1ms)[0m   [0;1mSET SQL_AUTO_IS_NULL=0[0m


Processing HomeController#index (for 127.0.0.1 at 2009-12-20 22:30:52) [GET]

ActionController::UnknownAction (No action responded to index. Actions: ):
  <internal:prelude>:8:in `synchronize'
  /opt/local/lib/ruby1.9/1.9.1/webrick/httpserver.rb:111:in `service'
  /opt/local/lib/ruby1.9/1.9.1/webrick/httpserver.rb:70:in `run'
  /opt/local/lib/ruby1.9/1.9.1/webrick/server.rb:183:in `block in start_thread'

Rendering rescues/layout (not_found)
  [4;35;1mSQL (0.1ms)[0m   [0mSET SQL_AUTO_IS_NULL=0[0m


Processing HomeController#index (for 127.0.0.1 at 2009-12-20 22:31:06) [GET]

ActionView::MissingTemplate (Missing template home/index.erb in view path app/views):
  <internal:prelude>:8:in `synchronize'
  /opt/local/lib/ruby1.9/1.9.1/webrick/httpserver.rb:111:in `service'
  /opt/local/lib/ruby1.9/1.9.1/webrick/httpserver.rb:70:in `run'
  /opt/local/lib/ruby1.9/1.9.1/webrick/server.rb:183:in `block in start_thread'

Rendering rescues/layout (internal_server_error)
  [4;36;1mSQL (0.1ms)[0m   [0;1mSET SQL_AUTO_IS_NULL=0[0m


Processing HomeController#index (for 127.0.0.1 at 2009-12-20 22:31:23) [GET]
Rendering template within layouts/application
Rendering home/index
Completed in 25ms (View: 24, DB: 0) | 200 OK [http://localhost/]
  [4;35;1mSQL (150.0ms)[0m   [0mSET SQL_AUTO_IS_NULL=0[0m


Processing HomeController#index (for 127.0.0.1 at 2009-12-22 21:22:17) [GET]
Rendering template within layouts/application
Rendering home/index
Completed in 96ms (View: 65, DB: 150) | 200 OK [http://localhost/]
  [4;36;1mSQL (0.1ms)[0m   [0;1mSET SQL_AUTO_IS_NULL=0[0m


Processing HomeController#index (for 127.0.0.1 at 2009-12-22 21:23:21) [GET]
Rendering template within layouts/application
Rendering home/index
Completed in 72ms (View: 60, DB: 0) | 200 OK [http://localhost/]
  [4;35;1mSQL (0.2ms)[0m   [0mSET SQL_AUTO_IS_NULL=0[0m


Processing HomeController#index (for 127.0.0.1 at 2009-12-22 21:25:19) [GET]
Rendering template within layouts/application
Rendering home/index
Completed in 29ms (View: 28, DB: 0) | 200 OK [http://localhost/]
  [4;36;1mSQL (0.1ms)[0m   [0;1mSET SQL_AUTO_IS_NULL=0[0m


Processing HomeController#index (for 127.0.0.1 at 2009-12-22 21:29:56) [GET]
Rendering template within layouts/application
Rendering home/index
Completed in 15ms (View: 1, DB: 0) | 200 OK [http://localhost/]
  [4;35;1mSQL (0.1ms)[0m   [0mSET SQL_AUTO_IS_NULL=0[0m


Processing HomeController#index (for 127.0.0.1 at 2009-12-22 21:30:27) [GET]
Rendering template within layouts/application
Rendering home/index
Completed in 3ms (View: 1, DB: 0) | 200 OK [http://localhost/]
  [4;36;1mSQL (0.1ms)[0m   [0;1mSET SQL_AUTO_IS_NULL=0[0m


Processing HomeController#index (for 127.0.0.1 at 2009-12-22 21:30:37) [GET]
Rendering template within layouts/application
Rendering home/index
Completed in 3ms (View: 1, DB: 0) | 200 OK [http://localhost/]
  [4;35;1mSQL (0.1ms)[0m   [0mSET SQL_AUTO_IS_NULL=0[0m


Processing HomeController#index (for 127.0.0.1 at 2009-12-22 21:34:03) [GET]
Rendering template within layouts/application
Rendering home/index
Completed in 2ms (View: 1, DB: 0) | 200 OK [http://localhost/]
  [4;36;1mSQL (0.1ms)[0m   [0;1mSET SQL_AUTO_IS_NULL=0[0m


Processing HomeController#index (for 127.0.0.1 at 2009-12-22 21:34:10) [GET]
Rendering template within layouts/application
Rendering home/index
Completed in 2ms (View: 1, DB: 0) | 200 OK [http://localhost/]
  [4;35;1mSQL (0.1ms)[0m   [0mSET SQL_AUTO_IS_NULL=0[0m


Processing HomeController#index (for 127.0.0.1 at 2009-12-22 21:35:06) [GET]
Rendering template within layouts/application
Rendering home/index
Completed in 2ms (View: 1, DB: 0) | 200 OK [http://localhost/]
  [4;36;1mSQL (0.2ms)[0m   [0;1mSET SQL_AUTO_IS_NULL=0[0m


Processing HomeController#index (for 127.0.0.1 at 2009-12-22 21:35:19) [GET]
Rendering template within layouts/application
Rendering home/index
Completed in 3ms (View: 1, DB: 0) | 200 OK [http://localhost/]
  [4;35;1mSQL (0.2ms)[0m   [0mSET SQL_AUTO_IS_NULL=0[0m


Processing HomeController#index (for 127.0.0.1 at 2009-12-22 21:35:25) [GET]
Rendering template within layouts/application
Rendering home/index
Completed in 3ms (View: 1, DB: 0) | 200 OK [http://localhost/]
  [4;36;1mSQL (0.1ms)[0m   [0;1mSET SQL_AUTO_IS_NULL=0[0m


Processing HomeController#index (for 127.0.0.1 at 2009-12-22 21:35:28) [GET]
Rendering template within layouts/application
Rendering home/index
Completed in 2ms (View: 1, DB: 0) | 200 OK [http://localhost/]
  [4;35;1mSQL (0.1ms)[0m   [0mSET SQL_AUTO_IS_NULL=0[0m


Processing HomeController#index (for 127.0.0.1 at 2009-12-22 21:35:31) [GET]
Rendering template within layouts/application
Rendering home/index
Completed in 2ms (View: 1, DB: 0) | 200 OK [http://localhost/]
  [4;36;1mSQL (0.1ms)[0m   [0;1mSET SQL_AUTO_IS_NULL=0[0m


Processing HomeController#index (for 127.0.0.1 at 2009-12-22 21:35:34) [GET]
Rendering template within layouts/application
Rendering home/index
Completed in 2ms (View: 1, DB: 0) | 200 OK [http://localhost/]
  [4;35;1mSQL (0.1ms)[0m   [0mSET SQL_AUTO_IS_NULL=0[0m


Processing HomeController#index (for 127.0.0.1 at 2009-12-22 21:35:52) [GET]
Rendering template within layouts/application
Rendering home/index
Completed in 2ms (View: 1, DB: 0) | 200 OK [http://localhost/]
  [4;36;1mSQL (0.1ms)[0m   [0;1mSET SQL_AUTO_IS_NULL=0[0m


Processing HomeController#index (for 127.0.0.1 at 2009-12-22 21:36:02) [GET]
Rendering template within layouts/application
Rendering home/index
Completed in 2ms (View: 1, DB: 0) | 200 OK [http://localhost/]
  [4;35;1mSQL (0.2ms)[0m   [0mSET SQL_AUTO_IS_NULL=0[0m


Processing HomeController#index (for 127.0.0.1 at 2009-12-22 21:36:58) [GET]
Rendering template within layouts/application
Rendering home/index
Completed in 133ms (View: 10, DB: 0) | 200 OK [http://localhost/]
  [4;36;1mSQL (0.1ms)[0m   [0;1mSET SQL_AUTO_IS_NULL=0[0m


Processing HomeController#index (for 127.0.0.1 at 2009-12-22 21:37:12) [GET]
Rendering template within layouts/application
Rendering home/index
Completed in 2ms (View: 1, DB: 0) | 200 OK [http://localhost/]
  [4;35;1mSQL (0.1ms)[0m   [0mSET SQL_AUTO_IS_NULL=0[0m


Processing HomeController#index (for 127.0.0.1 at 2009-12-22 21:37:16) [GET]
Rendering template within layouts/application
Rendering home/index
Completed in 2ms (View: 1, DB: 0) | 200 OK [http://localhost/]
  [4;36;1mSQL (0.1ms)[0m   [0;1mSET SQL_AUTO_IS_NULL=0[0m


Processing HomeController#index (for 127.0.0.1 at 2009-12-22 21:37:22) [GET]
Rendering template within layouts/application
Rendering home/index
Completed in 2ms (View: 1, DB: 0) | 200 OK [http://localhost/]
  [4;35;1mSQL (0.1ms)[0m   [0mSET SQL_AUTO_IS_NULL=0[0m


Processing HomeController#index (for 127.0.0.1 at 2009-12-22 21:37:45) [GET]
Rendering template within layouts/application
Rendering home/index
Completed in 2ms (View: 1, DB: 0) | 200 OK [http://localhost/]
  [4;36;1mSQL (0.1ms)[0m   [0;1mSET SQL_AUTO_IS_NULL=0[0m


Processing HomeController#index (for 127.0.0.1 at 2009-12-22 21:41:51) [GET]
Rendering template within layouts/application
Rendering home/index
Completed in 10ms (View: 9, DB: 0) | 200 OK [http://localhost/]
  [4;35;1mSQL (0.1ms)[0m   [0mSET SQL_AUTO_IS_NULL=0[0m


Processing HomeController#index (for 127.0.0.1 at 2009-12-22 21:42:29) [GET]
Rendering template within layouts/application
Rendering home/index
Completed in 2ms (View: 1, DB: 0) | 200 OK [http://localhost/]
  [4;36;1mSQL (0.1ms)[0m   [0;1mSET SQL_AUTO_IS_NULL=0[0m


Processing HomeController#index (for 127.0.0.1 at 2009-12-22 21:43:37) [GET]
Rendering template within layouts/application
Rendering home/index
Completed in 3ms (View: 1, DB: 0) | 200 OK [http://localhost/]
  [4;35;1mSQL (0.1ms)[0m   [0mSET SQL_AUTO_IS_NULL=0[0m


Processing HomeController#index (for 127.0.0.1 at 2009-12-22 21:44:02) [GET]
Rendering template within layouts/application
Rendering home/index
Completed in 2ms (View: 1, DB: 0) | 200 OK [http://localhost/]
  [4;36;1mSQL (0.2ms)[0m   [0;1mSET SQL_AUTO_IS_NULL=0[0m


Processing HomeController#index (for 127.0.0.1 at 2009-12-22 21:44:26) [GET]
Rendering template within layouts/application
Rendering home/index
Completed in 2ms (View: 1, DB: 0) | 200 OK [http://localhost/]
  [4;35;1mSQL (0.1ms)[0m   [0mSET SQL_AUTO_IS_NULL=0[0m


Processing HomeController#index (for 127.0.0.1 at 2009-12-22 21:44:35) [GET]
Rendering template within layouts/application
Rendering home/index
Completed in 2ms (View: 1, DB: 0) | 200 OK [http://localhost/]
  [4;36;1mSQL (0.1ms)[0m   [0;1mSET SQL_AUTO_IS_NULL=0[0m


Processing HomeController#index (for 127.0.0.1 at 2009-12-22 21:45:46) [GET]
Rendering template within layouts/application
Rendering home/index
Completed in 2ms (View: 1, DB: 0) | 200 OK [http://localhost/]
  [4;35;1mSQL (0.1ms)[0m   [0mSET SQL_AUTO_IS_NULL=0[0m


Processing HomeController#index (for 127.0.0.1 at 2009-12-22 21:47:12) [GET]
Rendering template within layouts/application
Rendering home/index
Completed in 2ms (View: 1, DB: 0) | 200 OK [http://localhost/]
  [4;36;1mSQL (0.1ms)[0m   [0;1mSET SQL_AUTO_IS_NULL=0[0m


Processing HomeController#index (for 127.0.0.1 at 2009-12-22 21:47:25) [GET]
Rendering template within layouts/application
Rendering home/index
Completed in 2ms (View: 1, DB: 0) | 200 OK [http://localhost/]
  [4;35;1mSQL (0.1ms)[0m   [0mSET SQL_AUTO_IS_NULL=0[0m


Processing HomeController#index (for 127.0.0.1 at 2009-12-22 21:47:52) [GET]
Rendering template within layouts/application
Rendering home/index
Completed in 88ms (View: 87, DB: 0) | 200 OK [http://localhost/]
  [4;36;1mSQL (0.1ms)[0m   [0;1mSET SQL_AUTO_IS_NULL=0[0m


Processing HomeController#index (for 127.0.0.1 at 2009-12-22 21:48:10) [GET]
Rendering template within layouts/application
Rendering home/index
Completed in 2ms (View: 1, DB: 0) | 200 OK [http://localhost/]
  [4;35;1mSQL (0.1ms)[0m   [0mSET SQL_AUTO_IS_NULL=0[0m


Processing HomeController#index (for 127.0.0.1 at 2009-12-22 21:48:21) [GET]
Rendering template within layouts/application
Rendering home/index
Completed in 2ms (View: 1, DB: 0) | 200 OK [http://localhost/]
  [4;36;1mSQL (0.1ms)[0m   [0;1mSET SQL_AUTO_IS_NULL=0[0m


Processing HomeController#index (for 127.0.0.1 at 2009-12-22 21:48:24) [GET]
Rendering template within layouts/application
Rendering home/index
Completed in 3ms (View: 2, DB: 0) | 200 OK [http://localhost/]
  [4;35;1mSQL (0.1ms)[0m   [0mSET SQL_AUTO_IS_NULL=0[0m


Processing HomeController#index (for 127.0.0.1 at 2009-12-22 23:02:41) [GET]
Rendering template within layouts/application
Rendering home/index
Completed in 3ms (View: 1, DB: 0) | 200 OK [http://localhost/]
  [4;36;1mSQL (0.1ms)[0m   [0;1mSET SQL_AUTO_IS_NULL=0[0m


Processing HomeController#index (for 127.0.0.1 at 2009-12-22 23:04:00) [GET]
Rendering template within layouts/application
Rendering home/index
Completed in 2ms (View: 1, DB: 0) | 200 OK [http://localhost/]
  [4;35;1mSQL (0.1ms)[0m   [0mSET SQL_AUTO_IS_NULL=0[0m


Processing HomeController#index (for 127.0.0.1 at 2009-12-22 23:04:17) [GET]
Rendering template within layouts/application
Rendering home/index
Completed in 3ms (View: 2, DB: 0) | 200 OK [http://localhost/]
  [4;36;1mSQL (0.1ms)[0m   [0;1mSET SQL_AUTO_IS_NULL=0[0m


Processing HomeController#index (for 127.0.0.1 at 2009-12-22 23:04:40) [GET]
Rendering template within layouts/application
Rendering home/index
Completed in 2ms (View: 1, DB: 0) | 200 OK [http://localhost/]
  [4;35;1mSQL (0.1ms)[0m   [0mSET SQL_AUTO_IS_NULL=0[0m


Processing HomeController#index (for 127.0.0.1 at 2009-12-22 23:05:10) [GET]
Rendering template within layouts/application
Rendering home/index
Completed in 11ms (View: 10, DB: 0) | 200 OK [http://localhost/]
  [4;36;1mSQL (0.1ms)[0m   [0;1mSET SQL_AUTO_IS_NULL=0[0m


Processing HomeController#index (for 127.0.0.1 at 2009-12-22 23:06:15) [GET]
Rendering template within layouts/application
Rendering home/index
Completed in 10ms (View: 9, DB: 0) | 200 OK [http://localhost/]
  [4;35;1mSQL (0.1ms)[0m   [0mSET SQL_AUTO_IS_NULL=0[0m


Processing HomeController#index (for 127.0.0.1 at 2009-12-22 23:06:17) [GET]
Rendering template within layouts/application
Rendering home/index
Completed in 41ms (View: 39, DB: 0) | 200 OK [http://localhost/]
  [4;36;1mSQL (0.1ms)[0m   [0;1mSET SQL_AUTO_IS_NULL=0[0m


Processing HomeController#index (for 127.0.0.1 at 2009-12-22 23:06:49) [GET]
Rendering template within layouts/application
Rendering home/index

ActionView::TemplateError (Illegal element: classes and ids must have values.) on line #17 of app/views/layouts/application.html.haml:
14:       #strapline
15:         You need a cleaner, not an agency.
16:     #howto
17:       #
18:     #content
19:       = yield

    app/views/layouts/application.html.haml:17
    haml (2.2.16) lib/haml/precompiler.rb:677:in `render_tag'
    haml (2.2.16) lib/haml/precompiler.rb:805:in `render_div'
    haml (2.2.16) lib/haml/precompiler.rb:212:in `process_line'
    haml (2.2.16) lib/haml/precompiler.rb:177:in `precompile'
    haml (2.2.16) lib/haml/engine.rb:114:in `initialize'
    haml (2.2.16) lib/haml/template/plugin.rb:24:in `new'
    haml (2.2.16) lib/haml/template/plugin.rb:24:in `compile'
    haml (2.2.16) lib/haml/helpers/action_view_mods.rb:13:in `render_with_haml'
    haml (2.2.16) lib/haml/helpers/action_view_mods.rb:13:in `render_with_haml'
    haml (2.2.16) lib/sass/plugin/rails.rb:19:in `process'
    <internal:prelude>:8:in `synchronize'
    /opt/local/lib/ruby1.9/1.9.1/webrick/httpserver.rb:111:in `service'
    /opt/local/lib/ruby1.9/1.9.1/webrick/httpserver.rb:70:in `run'
    /opt/local/lib/ruby1.9/1.9.1/webrick/server.rb:183:in `block in start_thread'

Rendered rescues/_trace (85.9ms)
Rendered rescues/_request_and_response (44.9ms)
Rendering rescues/layout (internal_server_error)
  [4;35;1mSQL (0.1ms)[0m   [0mSET SQL_AUTO_IS_NULL=0[0m


Processing HomeController#index (for 127.0.0.1 at 2009-12-22 23:06:57) [GET]
Rendering template within layouts/application
Rendering home/index
Completed in 13ms (View: 12, DB: 0) | 200 OK [http://localhost/]
  [4;36;1mSQL (0.1ms)[0m   [0;1mSET SQL_AUTO_IS_NULL=0[0m


Processing HomeController#index (for 127.0.0.1 at 2009-12-22 23:07:12) [GET]
Rendering template within layouts/application
Rendering home/index
Completed in 2ms (View: 1, DB: 0) | 200 OK [http://localhost/]
  [4;35;1mSQL (0.2ms)[0m   [0mSET SQL_AUTO_IS_NULL=0[0m


Processing HomeController#index (for 127.0.0.1 at 2009-12-22 23:11:50) [GET]
Rendering template within layouts/application
Rendering home/index
Completed in 16ms (View: 14, DB: 0) | 200 OK [http://localhost/]
  [4;36;1mSQL (0.1ms)[0m   [0;1mSET SQL_AUTO_IS_NULL=0[0m


Processing HomeController#index (for 127.0.0.1 at 2009-12-22 23:12:13) [GET]
Rendering template within layouts/application
Rendering home/index
Completed in 2ms (View: 1, DB: 0) | 200 OK [http://localhost/]
  [4;35;1mSQL (0.1ms)[0m   [0mSET SQL_AUTO_IS_NULL=0[0m


Processing HomeController#index (for 127.0.0.1 at 2009-12-22 23:12:25) [GET]
Rendering template within layouts/application
Rendering home/index
Completed in 2ms (View: 1, DB: 0) | 200 OK [http://localhost/]
  [4;36;1mSQL (0.2ms)[0m   [0;1mSET SQL_AUTO_IS_NULL=0[0m


Processing HomeController#index (for 127.0.0.1 at 2009-12-22 23:13:38) [GET]
Rendering template within layouts/application
Rendering home/index
Completed in 2ms (View: 1, DB: 0) | 200 OK [http://localhost/]
  [4;35;1mSQL (0.1ms)[0m   [0mSET SQL_AUTO_IS_NULL=0[0m


Processing HomeController#index (for 127.0.0.1 at 2009-12-22 23:13:43) [GET]
Rendering template within layouts/application
Rendering home/index
Completed in 3ms (View: 1, DB: 0) | 200 OK [http://localhost/]
  [4;36;1mSQL (0.1ms)[0m   [0;1mSET SQL_AUTO_IS_NULL=0[0m


Processing HomeController#index (for 127.0.0.1 at 2009-12-22 23:13:52) [GET]
Rendering template within layouts/application
Rendering home/index
Completed in 2ms (View: 1, DB: 0) | 200 OK [http://localhost/]
  [4;35;1mSQL (0.1ms)[0m   [0mSET SQL_AUTO_IS_NULL=0[0m


Processing HomeController#index (for 127.0.0.1 at 2009-12-22 23:14:04) [GET]
Rendering template within layouts/application
Rendering home/index
Completed in 11ms (View: 10, DB: 0) | 200 OK [http://localhost/]
  [4;36;1mSQL (0.1ms)[0m   [0;1mSET SQL_AUTO_IS_NULL=0[0m


Processing HomeController#index (for 127.0.0.1 at 2009-12-22 23:15:03) [GET]
Rendering template within layouts/application
Rendering home/index
Completed in 11ms (View: 10, DB: 0) | 200 OK [http://localhost/]
  [4;35;1mSQL (0.1ms)[0m   [0mSET SQL_AUTO_IS_NULL=0[0m


Processing HomeController#index (for 127.0.0.1 at 2009-12-22 23:16:14) [GET]
Rendering template within layouts/application
Rendering home/index

ActionView::TemplateError (Missing template home/_cleaner.erb in view path app/views) on line #10 of app/views/home/index.html.haml:
7:     When: Today
8:   
9: #cleaners
10:   = render :partial => 'cleaner', :name => 'Emma'
11:   = render :partial => 'cleaner', :name => 'Sonya'

    haml (2.2.16) lib/haml/helpers/action_view_mods.rb:11:in `block in render_with_haml'
    haml (2.2.16) lib/haml/helpers.rb:96:in `non_haml'
    haml (2.2.16) lib/haml/helpers/action_view_mods.rb:11:in `render_with_haml'
    app/views/home/index.html.haml:10:in `_run_haml_app47views47home47index46html46haml'
    haml (2.2.16) lib/haml/helpers/action_view_mods.rb:13:in `render_with_haml'
    haml (2.2.16) lib/haml/helpers/action_view_mods.rb:13:in `render_with_haml'
    haml (2.2.16) lib/sass/plugin/rails.rb:19:in `process'
    <internal:prelude>:8:in `synchronize'
    /opt/local/lib/ruby1.9/1.9.1/webrick/httpserver.rb:111:in `service'
    /opt/local/lib/ruby1.9/1.9.1/webrick/httpserver.rb:70:in `run'
    /opt/local/lib/ruby1.9/1.9.1/webrick/server.rb:183:in `block in start_thread'

Rendered rescues/_trace (117.4ms)
Rendered rescues/_request_and_response (0.2ms)
Rendering rescues/layout (internal_server_error)
  [4;36;1mSQL (0.1ms)[0m   [0;1mSET SQL_AUTO_IS_NULL=0[0m


Processing HomeController#index (for 127.0.0.1 at 2009-12-22 23:16:43) [GET]
Rendering template within layouts/application
Rendering home/index

ActionView::TemplateError (undefined local variable or method `name' for #<ActionView::Base:0x2c4df80>) on line #2 of app/views/home/_cleaner.html.haml:
1: Name:
2: = name

    app/views/home/_cleaner.html.haml:2:in `_run_haml_app47views47home47_cleaner46html46haml_locals_cleaner_object'
    haml (2.2.16) lib/haml/helpers/action_view_mods.rb:11:in `block in render_with_haml'
    haml (2.2.16) lib/haml/helpers.rb:96:in `non_haml'
    haml (2.2.16) lib/haml/helpers/action_view_mods.rb:11:in `render_with_haml'
    app/views/home/index.html.haml:10:in `_run_haml_app47views47home47index46html46haml'
    haml (2.2.16) lib/haml/helpers/action_view_mods.rb:13:in `render_with_haml'
    haml (2.2.16) lib/haml/helpers/action_view_mods.rb:13:in `render_with_haml'
    haml (2.2.16) lib/sass/plugin/rails.rb:19:in `process'
    <internal:prelude>:8:in `synchronize'
    /opt/local/lib/ruby1.9/1.9.1/webrick/httpserver.rb:111:in `service'
    /opt/local/lib/ruby1.9/1.9.1/webrick/httpserver.rb:70:in `run'
    /opt/local/lib/ruby1.9/1.9.1/webrick/server.rb:183:in `block in start_thread'

Rendered rescues/_trace (81.5ms)
Rendered rescues/_request_and_response (0.3ms)
Rendering rescues/layout (internal_server_error)
  [4;35;1mSQL (0.1ms)[0m   [0mSET SQL_AUTO_IS_NULL=0[0m


Processing HomeController#index (for 127.0.0.1 at 2009-12-22 23:17:02) [GET]
Rendering template within layouts/application
Rendering home/index
Rendered home/_cleaner (0.7ms)
Rendered home/_cleaner (0.1ms)
Completed in 14ms (View: 13, DB: 0) | 200 OK [http://localhost/]
  [4;36;1mSQL (0.1ms)[0m   [0;1mSET SQL_AUTO_IS_NULL=0[0m


Processing HomeController#index (for 127.0.0.1 at 2009-12-22 23:17:27) [GET]
Rendering template within layouts/application
Rendering home/index
Rendered home/_cleaner (0.1ms)
Rendered home/_cleaner (0.1ms)
Completed in 2ms (View: 1, DB: 0) | 200 OK [http://localhost/]
  [4;35;1mSQL (0.1ms)[0m   [0mSET SQL_AUTO_IS_NULL=0[0m


Processing HomeController#index (for 127.0.0.1 at 2009-12-22 23:17:41) [GET]
Rendering template within layouts/application
Rendering home/index
Rendered home/_cleaner (0.1ms)
Rendered home/_cleaner (0.1ms)
Completed in 2ms (View: 1, DB: 0) | 200 OK [http://localhost/]
  [4;36;1mSQL (0.1ms)[0m   [0;1mSET SQL_AUTO_IS_NULL=0[0m


Processing HomeController#index (for 127.0.0.1 at 2009-12-22 23:17:45) [GET]
Rendering template within layouts/application
Rendering home/index
Rendered home/_cleaner (0.1ms)
Rendered home/_cleaner (0.1ms)
Completed in 3ms (View: 2, DB: 0) | 200 OK [http://localhost/]
  [4;35;1mSQL (0.1ms)[0m   [0mSET SQL_AUTO_IS_NULL=0[0m


Processing HomeController#index (for 127.0.0.1 at 2009-12-22 23:17:47) [GET]
Rendering template within layouts/application
Rendering home/index
Rendered home/_cleaner (0.1ms)
Rendered home/_cleaner (0.1ms)
Completed in 2ms (View: 1, DB: 0) | 200 OK [http://localhost/]
  [4;36;1mSQL (0.1ms)[0m   [0;1mSET SQL_AUTO_IS_NULL=0[0m


Processing HomeController#index (for 127.0.0.1 at 2009-12-22 23:18:03) [GET]
Rendering template within layouts/application
Rendering home/index
Rendered home/_cleaner (0.1ms)
Rendered home/_cleaner (0.1ms)
Completed in 2ms (View: 1, DB: 0) | 200 OK [http://localhost/]
  [4;35;1mSQL (0.1ms)[0m   [0mSET SQL_AUTO_IS_NULL=0[0m


Processing HomeController#index (for 127.0.0.1 at 2009-12-22 23:22:21) [GET]
Rendering template within layouts/application
Rendering home/index
Rendered home/_cleaner (0.1ms)
Rendered home/_cleaner (0.1ms)
Completed in 17ms (View: 16, DB: 0) | 200 OK [http://localhost/]
  [4;36;1mSQL (0.1ms)[0m   [0;1mSET SQL_AUTO_IS_NULL=0[0m


Processing HomeController#index (for 127.0.0.1 at 2009-12-22 23:24:55) [GET]
Rendering template within layouts/application
Rendering home/index
Rendered home/_cleaner (0.1ms)
Rendered home/_cleaner (0.1ms)
Completed in 15ms (View: 14, DB: 0) | 200 OK [http://localhost/]
  [4;35;1mSQL (0.1ms)[0m   [0mSET SQL_AUTO_IS_NULL=0[0m


Processing HomeController#index (for 127.0.0.1 at 2009-12-22 23:25:00) [GET]
Rendering template within layouts/application
Rendering home/index
Rendered home/_cleaner (0.1ms)
Rendered home/_cleaner (0.1ms)
Completed in 13ms (View: 12, DB: 0) | 200 OK [http://localhost/]
  [4;36;1mSQL (0.1ms)[0m   [0;1mSET SQL_AUTO_IS_NULL=0[0m


Processing HomeController#index (for 127.0.0.1 at 2009-12-22 23:25:23) [GET]
Rendering template within layouts/application
Rendering home/index
Rendered home/_cleaner (0.1ms)
Rendered home/_cleaner (0.1ms)
Completed in 3ms (View: 2, DB: 0) | 200 OK [http://localhost/]
  [4;35;1mSQL (0.1ms)[0m   [0mSET SQL_AUTO_IS_NULL=0[0m


Processing HomeController#index (for 127.0.0.1 at 2009-12-22 23:25:26) [GET]
Rendering template within layouts/application
Rendering home/index
Rendered home/_cleaner (0.1ms)
Rendered home/_cleaner (0.1ms)
Completed in 2ms (View: 1, DB: 0) | 200 OK [http://localhost/]
  [4;36;1mSQL (0.1ms)[0m   [0;1mSET SQL_AUTO_IS_NULL=0[0m


Processing HomeController#index (for 127.0.0.1 at 2009-12-22 23:25:28) [GET]
Rendering template within layouts/application
Rendering home/index
Rendered home/_cleaner (0.1ms)
Rendered home/_cleaner (0.1ms)
Completed in 3ms (View: 2, DB: 0) | 200 OK [http://localhost/]
  [4;35;1mSQL (0.1ms)[0m   [0mSET SQL_AUTO_IS_NULL=0[0m


Processing HomeController#index (for 127.0.0.1 at 2009-12-22 23:25:31) [GET]
Rendering template within layouts/application
Rendering home/index
Rendered home/_cleaner (0.1ms)
Rendered home/_cleaner (0.1ms)
Completed in 12ms (View: 11, DB: 0) | 200 OK [http://localhost/]
  [4;36;1mSQL (0.1ms)[0m   [0;1mSET SQL_AUTO_IS_NULL=0[0m


Processing HomeController#index (for 127.0.0.1 at 2009-12-22 23:25:49) [GET]
Rendering template within layouts/application
Rendering home/index
Rendered home/_cleaner (1.0ms)
Rendered home/_cleaner (0.1ms)
Completed in 50ms (View: 48, DB: 0) | 200 OK [http://localhost/]
  [4;35;1mSQL (0.1ms)[0m   [0mSET SQL_AUTO_IS_NULL=0[0m


Processing HomeController#index (for 127.0.0.1 at 2009-12-22 23:26:21) [GET]
Rendering template within layouts/application
Rendering home/index
Rendered home/_cleaner (0.1ms)
Rendered home/_cleaner (0.1ms)
Completed in 4ms (View: 2, DB: 0) | 200 OK [http://localhost/]
  [4;36;1mSQL (0.1ms)[0m   [0;1mSET SQL_AUTO_IS_NULL=0[0m


Processing HomeController#index (for 127.0.0.1 at 2009-12-22 23:30:25) [GET]
Rendering template within layouts/application
Rendering home/index
Rendered home/_cleaner (0.1ms)
Rendered home/_cleaner (0.1ms)
Completed in 2ms (View: 1, DB: 0) | 200 OK [http://localhost/]
